DEBUG:root:Order:2 3 10.0
DEBUG:root:Finish turn

DEBUG:root:Order:2 4 10.0
DEBUG:root:Finish turn

DEBUG:root:Order:2 19 15.0
DEBUG:root:Finish turn

DEBUG:root:Order:2 20 15.0
DEBUG:root:Order:2 4 37
DEBUG:root:Finish turn

DEBUG:root:Order:2 15 20.0
DEBUG:root:Bad order:4 3.0 8
DEBUG:root:Finish turn

DEBUG:root:Order:4 16 20.0
DEBUG:root:Order:2 4 3
DEBUG:root:Finish turn

DEBUG:root:Order:2 4 1
DEBUG:root:Finish turn

DEBUG:root:Order:4 0 26.0
DEBUG:root:Order:2 19 15
DEBUG:root:Order:2 4 7
DEBUG:root:Finish turn

DEBUG:root:Order:2 19 2
DEBUG:root:Order:2 4 1
DEBUG:root:Finish turn

DEBUG:root:Order:2 19 1
DEBUG:root:Order:2 4 2
DEBUG:root:Finish turn

DEBUG:root:Order:2 19 1
DEBUG:root:Finish turn

DEBUG:root:Order:2 15 10
DEBUG:root:Order:4 15 7
DEBUG:root:Order:19 15 4
DEBUG:root:Finish turn

DEBUG:root:Order:2 15 2
DEBUG:root:Order:2 19 1
DEBUG:root:Finish turn

DEBUG:root:Order:2 19 1
DEBUG:root:Order:2 4 2
DEBUG:root:Finish turn

DEBUG:root:Order:2 19 1
DEBUG:root:Finish turn

DEBUG:root:Order:2 19 2
DEBUG:root:Finish turn

DEBUG:root:Order:2 19 3
DEBUG:root:Order:2 4 1
DEBUG:root:Finish turn

DEBUG:root:Order:2 19 1
DEBUG:root:Order:2 4 1
DEBUG:root:Order:15 4 1
DEBUG:root:Finish turn

DEBUG:root:Order:2 19 1
DEBUG:root:Finish turn

DEBUG:root:Order:15 9 40.0
DEBUG:root:Order:2 15 12
DEBUG:root:Order:4 15 9
DEBUG:root:Order:19 15 6
DEBUG:root:Finish turn

DEBUG:root:Order:15 0 1.0
DEBUG:root:Order:2 15 2
DEBUG:root:Order:2 19 3
DEBUG:root:Finish turn

DEBUG:root:Finish turn

DEBUG:root:Order:2 4 1
DEBUG:root:Order:2 19 1
DEBUG:root:Order:2 15 2
DEBUG:root:Finish turn

DEBUG:root:Order:15 19 2
DEBUG:root:Order:15 4 1
DEBUG:root:Finish turn

DEBUG:root:Order:2 19 1
DEBUG:root:Order:2 4 3
DEBUG:root:Finish turn

DEBUG:root:Order:2 19 1
DEBUG:root:Order:4 19 1
DEBUG:root:Order:4 15 1
DEBUG:root:Finish turn

DEBUG:root:Order:15 10 40.0
DEBUG:root:Order:2 15 16
DEBUG:root:Order:4 15 9
DEBUG:root:Order:4 3 12
DEBUG:root:Order:19 3 2
DEBUG:root:Finish turn

DEBUG:root:Order:19 3 10
DEBUG:root:Order:19 4 6
DEBUG:root:Finish turn

DEBUG:root:Order:2 19 7
DEBUG:root:Order:2 4 1
DEBUG:root:Finish turn

DEBUG:root:Order:2 19 1
DEBUG:root:Order:2 4 2
DEBUG:root:Finish turn

DEBUG:root:Order:2 19 1
DEBUG:root:Finish turn

DEBUG:root:Order:2 19 3
DEBUG:root:Finish turn

DEBUG:root:Order:2 19 1
DEBUG:root:Order:2 4 2
DEBUG:root:Finish turn

DEBUG:root:Order:2 15 8
DEBUG:root:Order:4 15 7
DEBUG:root:Order:19 15 4
DEBUG:root:Finish turn

DEBUG:root:Order:2 9 16
DEBUG:root:Order:15 9 14
DEBUG:root:Order:4 9 13
DEBUG:root:Order:19 9 12
DEBUG:root:Finish turn

DEBUG:root:Order:2 9 3
DEBUG:root:Order:2 19 3
DEBUG:root:Order:15 19 1
DEBUG:root:Finish turn

DEBUG:root:Order:19 2 1
DEBUG:root:Finish turn

DEBUG:root:Order:2 4 1
DEBUG:root:Order:2 19 1
DEBUG:root:Finish turn

DEBUG:root:Order:2 19 2
DEBUG:root:Order:2 4 1
DEBUG:root:Finish turn

DEBUG:root:Order:2 19 2
DEBUG:root:Order:2 4 1
DEBUG:root:Finish turn

DEBUG:root:Order:2 19 1
DEBUG:root:Order:2 4 1
DEBUG:root:Order:15 4 1
DEBUG:root:Finish turn

DEBUG:root:Order:2 19 11
DEBUG:root:Order:4 19 10
DEBUG:root:Order:15 19 10
DEBUG:root:Finish turn

DEBUG:root:Order:2 19 3
DEBUG:root:Order:15 19 1
DEBUG:root:Finish turn

DEBUG:root:Order:9 19 5
DEBUG:root:Bad order:9 0.0 4
DEBUG:root:Bad order:9 0.0 3
DEBUG:root:Bad order:9 0.0 1
DEBUG:root:Finish turn

DEBUG:root:Bad order:9 2.0 11
DEBUG:root:Order:2 10 5
DEBUG:root:Order:19 10 2
DEBUG:root:Order:15 10 1
DEBUG:root:Finish turn

DEBUG:root:Order:19 5 46.0
DEBUG:root:Order:9 19 19
DEBUG:root:Order:2 19 11
DEBUG:root:Order:15 19 9
DEBUG:root:Order:15 10 7
DEBUG:root:Finish turn

DEBUG:root:Order:4 10 12
DEBUG:root:Order:2 10 8
DEBUG:root:Order:9 10 5
DEBUG:root:Order:19 10 3
DEBUG:root:Order:19 15 4
DEBUG:root:Finish turn

DEBUG:root:Order:15 19 3
DEBUG:root:Order:2 19 1
DEBUG:root:Order:2 10 1
DEBUG:root:Order:2 4 2
DEBUG:root:Finish turn

DEBUG:root:Order:2 19 1
DEBUG:root:Order:2 9 1
DEBUG:root:Order:4 9 1
DEBUG:root:Order:15 9 1
DEBUG:root:Finish turn

DEBUG:root:Order:2 3 4
DEBUG:root:Order:9 3 4
DEBUG:root:Order:15 3 3
DEBUG:root:Order:4 3 2
DEBUG:root:Order:10 3 1
DEBUG:root:Finish turn

DEBUG:root:Order:2 3 4
DEBUG:root:Order:15 3 2
DEBUG:root:Order:4 3 1
DEBUG:root:Order:9 3 1
DEBUG:root:Order:10 3 1
DEBUG:root:Finish turn

DEBUG:root:Order:2 3 3
DEBUG:root:Order:15 3 1
DEBUG:root:Order:15 19 1
DEBUG:root:Finish turn

DEBUG:root:Order:2 19 5
DEBUG:root:Order:4 19 2
DEBUG:root:Order:9 19 2
DEBUG:root:Order:10 19 2
DEBUG:root:Order:15 19 2
DEBUG:root:Order:3 19 1
DEBUG:root:Finish turn

DEBUG:root:Order:2 19 2
DEBUG:root:Order:5 19 2
DEBUG:root:Finish turn

DEBUG:root:Order:2 3 5
DEBUG:root:Order:5 3 5
DEBUG:root:Order:15 3 3
DEBUG:root:Order:4 3 1
DEBUG:root:Order:9 3 1
DEBUG:root:Finish turn

DEBUG:root:Order:2 3 2
DEBUG:root:Order:5 3 1
DEBUG:root:Order:5 19 2
DEBUG:root:Order:5 4 2
DEBUG:root:Finish turn

DEBUG:root:Order:2 19 2
DEBUG:root:Order:2 3 1
DEBUG:root:Order:2 9 1
DEBUG:root:Order:2 5 2
DEBUG:root:Finish turn

DEBUG:root:Order:5 19 2
DEBUG:root:Order:5 2 1
DEBUG:root:Order:5 9 1
DEBUG:root:Order:5 4 3
DEBUG:root:Finish turn

DEBUG:root:Order:2 19 1
DEBUG:root:Order:4 19 1
DEBUG:root:Order:4 5 1
DEBUG:root:Order:4 9 1
DEBUG:root:Finish turn

DEBUG:root:Order:2 4 2
DEBUG:root:Order:2 19 2
DEBUG:root:Order:2 9 1
DEBUG:root:Finish turn

DEBUG:root:Order:5 19 2
DEBUG:root:Order:5 4 1
DEBUG:root:Order:5 9 1
DEBUG:root:Order:5 2 3
DEBUG:root:Finish turn

DEBUG:root:Order:2 19 2
DEBUG:root:Order:2 4 1
DEBUG:root:Order:2 5 1
DEBUG:root:Order:2 9 1
DEBUG:root:Finish turn

DEBUG:root:Order:2 19 1
DEBUG:root:Order:5 19 1
DEBUG:root:Order:5 4 1
DEBUG:root:Order:5 9 1
DEBUG:root:Finish turn

DEBUG:root:Order:2 14 62.0
DEBUG:root:Order:15 8 64.0
DEBUG:root:Order:5 15 21
DEBUG:root:Order:4 15 19
DEBUG:root:Order:9 15 2
DEBUG:root:Order:9 2 19
DEBUG:root:Order:19 2 18
DEBUG:root:Finish turn

DEBUG:root:Order:5 9 2
DEBUG:root:Order:5 19 1
DEBUG:root:Order:5 4 2
DEBUG:root:Finish turn

DEBUG:root:Order:2 15 6
DEBUG:root:Order:4 15 4
DEBUG:root:Order:5 15 3
DEBUG:root:Order:9 15 2
DEBUG:root:Order:19 15 1
DEBUG:root:Finish turn

DEBUG:root:Order:2 19 1
DEBUG:root:Order:2 4 2
DEBUG:root:Order:5 4 2
DEBUG:root:Finish turn

DEBUG:root:Order:4 8 18
DEBUG:root:Order:5 8 18
DEBUG:root:Bad order:2 16.0 17
DEBUG:root:Bad order:15 13.0 15
DEBUG:root:Order:9 8 14
DEBUG:root:Order:19 8 13
DEBUG:root:Finish turn

DEBUG:root:Order:2 8 19
DEBUG:root:Order:15 8 15
DEBUG:root:Order:5 8 2
DEBUG:root:Finish turn

DEBUG:root:Order:2 19 12
DEBUG:root:Order:5 19 12
DEBUG:root:Order:4 19 8
DEBUG:root:Order:9 19 8
DEBUG:root:Bad order:8 3.0 6
DEBUG:root:Finish turn

DEBUG:root:Bad order:8 4.0 8
DEBUG:root:Order:2 10 6
DEBUG:root:Order:5 10 6
DEBUG:root:Order:4 10 3
DEBUG:root:Order:9 10 3
DEBUG:root:Finish turn

DEBUG:root:Bad order:8 5.0 9
DEBUG:root:Order:2 10 5
DEBUG:root:Order:5 10 5
DEBUG:root:Order:4 10 2
DEBUG:root:Order:9 10 2
DEBUG:root:Finish turn

DEBUG:root:Order:8 10 8
DEBUG:root:Order:2 10 1
DEBUG:root:Order:2 19 3
DEBUG:root:Order:5 19 2
DEBUG:root:Finish turn

DEBUG:root:Order:5 15 5
DEBUG:root:Order:2 15 3
DEBUG:root:Order:4 15 1
DEBUG:root:Order:9 15 1
DEBUG:root:Order:10 15 1
DEBUG:root:Finish turn

DEBUG:root:Order:10 14 1.0
DEBUG:root:Order:2 15 3
DEBUG:root:Order:2 8 1
DEBUG:root:Order:2 10 1
DEBUG:root:Order:2 19 1
DEBUG:root:Finish turn

DEBUG:root:Order:5 8 1
DEBUG:root:Order:5 19 1
DEBUG:root:Order:5 2 5
DEBUG:root:Finish turn

DEBUG:root:Order:2 8 2
DEBUG:root:Order:2 19 2
DEBUG:root:Order:2 4 1
DEBUG:root:Order:2 9 1
DEBUG:root:Finish turn

DEBUG:root:Order:19 17 69.0
DEBUG:root:Order:2 19 12
DEBUG:root:Order:5 19 12
DEBUG:root:Order:15 19 10
DEBUG:root:Order:4 19 8
DEBUG:root:Order:9 19 8
DEBUG:root:Order:8 19 7
DEBUG:root:Finish turn

DEBUG:root:Order:2 19 3
DEBUG:root:Order:5 19 3
DEBUG:root:Order:5 8 1
DEBUG:root:Finish turn

DEBUG:root:Order:2 15 7
DEBUG:root:Order:5 15 6
DEBUG:root:Order:4 15 4
DEBUG:root:Order:9 15 4
DEBUG:root:Order:8 15 3
DEBUG:root:Order:19 15 3
DEBUG:root:Finish turn

DEBUG:root:Order:2 15 3
DEBUG:root:Order:5 15 1
DEBUG:root:Order:5 8 1
DEBUG:root:Order:5 19 1
DEBUG:root:Finish turn

DEBUG:root:Order:2 8 1
DEBUG:root:Order:2 19 1
DEBUG:root:Order:2 4 2
DEBUG:root:Order:5 4 2
DEBUG:root:Finish turn

DEBUG:root:Order:8 18 69.0
DEBUG:root:Order:4 8 12
DEBUG:root:Order:5 8 12
DEBUG:root:Order:2 8 10
DEBUG:root:Order:15 8 10
DEBUG:root:Order:9 8 8
DEBUG:root:Order:19 8 7
DEBUG:root:Finish turn

DEBUG:root:Order:2 19 2
DEBUG:root:Order:2 4 1
DEBUG:root:Order:2 9 1
DEBUG:root:Finish turn

DEBUG:root:Order:5 9 30
DEBUG:root:Order:2 9 15
DEBUG:root:Bad order:2 24.0 26
DEBUG:root:Order:19 4 24
DEBUG:root:Order:15 4 6
DEBUG:root:Finish turn

DEBUG:root:Order:2 4 13
DEBUG:root:Order:5 4 2
DEBUG:root:Order:5 9 1
DEBUG:root:Order:5 19 1
DEBUG:root:Finish turn

DEBUG:root:Order:17 19 7
DEBUG:root:Order:17 4 6
DEBUG:root:Order:17 9 6
DEBUG:root:Order:17 5 4
DEBUG:root:Order:17 15 4
DEBUG:root:Order:17 2 2
DEBUG:root:Finish turn

DEBUG:root:Order:17 19 2
DEBUG:root:Order:17 4 1
DEBUG:root:Order:17 9 1
DEBUG:root:Order:17 15 2
DEBUG:root:Order:2 15 1
DEBUG:root:Order:5 15 1
DEBUG:root:Finish turn

DEBUG:root:Order:15 19 2
DEBUG:root:Order:15 4 1
DEBUG:root:Order:15 9 1
DEBUG:root:Order:15 17 1
DEBUG:root:Finish turn

DEBUG:root:Order:4 21 76.0
DEBUG:root:Bad order:8 5.0 28
DEBUG:root:Order:2 4 14
DEBUG:root:Order:5 4 14
DEBUG:root:Order:17 4 11
DEBUG:root:Order:9 4 8
DEBUG:root:Order:19 4 7
DEBUG:root:Finish turn

DEBUG:root:Bad order:8 7.0 17
DEBUG:root:Order:2 19 7
DEBUG:root:Order:5 19 7
DEBUG:root:Order:17 19 7
DEBUG:root:Order:9 19 4
DEBUG:root:Order:9 15 4
DEBUG:root:Finish turn

DEBUG:root:Bad order:8 8.0 10
DEBUG:root:Order:8 15 8
DEBUG:root:Bad order:8 0.0 4
DEBUG:root:Bad order:8 0.0 2
DEBUG:root:Finish turn

DEBUG:root:Bad order:8 2.0 5
DEBUG:root:Order:2 4 4
DEBUG:root:Order:5 4 4
DEBUG:root:Order:17 4 3
DEBUG:root:Order:17 9 4
DEBUG:root:Finish turn

DEBUG:root:Order:18 15 18
DEBUG:root:Order:18 19 6
DEBUG:root:Order:18 9 2
DEBUG:root:Order:18 4 1
DEBUG:root:Order:18 17 18
DEBUG:root:Order:8 17 3
DEBUG:root:Order:2 17 2
DEBUG:root:Order:5 17 2
DEBUG:root:Finish turn

DEBUG:root:Order:17 18 24
DEBUG:root:Order:17 19 2
DEBUG:root:Order:17 4 1
DEBUG:root:Order:17 8 1
DEBUG:root:Order:17 9 1
DEBUG:root:Bad order:17 4.0 26
DEBUG:root:Order:2 15 2
DEBUG:root:Order:5 15 2
DEBUG:root:Finish turn

DEBUG:root:Order:9 22 76.0
DEBUG:root:Order:15 9 16
DEBUG:root:Order:2 9 15
DEBUG:root:Order:5 9 15
DEBUG:root:Bad order:17 9.0 12
DEBUG:root:Order:4 9 11
DEBUG:root:Order:8 9 7
DEBUG:root:Order:8 18 10
DEBUG:root:Order:19 18 10
DEBUG:root:Finish turn

DEBUG:root:Order:2 17 9
DEBUG:root:Order:5 17 9
DEBUG:root:Order:15 17 7
DEBUG:root:Order:4 17 6
DEBUG:root:Order:9 17 5
DEBUG:root:Order:19 17 5
DEBUG:root:Order:18 17 2
DEBUG:root:Order:18 8 1
DEBUG:root:Finish turn

DEBUG:root:Order:18 8 2
DEBUG:root:Order:2 8 1
DEBUG:root:Order:2 19 1
DEBUG:root:Order:5 19 1
DEBUG:root:Order:5 4 1
DEBUG:root:Order:5 9 1
DEBUG:root:Finish turn

DEBUG:root:Order:17 8 4
DEBUG:root:Order:18 8 4
DEBUG:root:Order:2 8 3
DEBUG:root:Order:5 8 2
DEBUG:root:Finish turn

DEBUG:root:Order:2 8 2
DEBUG:root:Order:5 8 2
DEBUG:root:Order:17 8 2
DEBUG:root:Order:18 8 1
DEBUG:root:Order:18 19 2
DEBUG:root:Order:18 4 2
DEBUG:root:Finish turn

DEBUG:root:Order:2 19 4
DEBUG:root:Order:5 19 4
DEBUG:root:Order:17 19 4
DEBUG:root:Order:4 19 2
DEBUG:root:Order:4 8 1
DEBUG:root:Finish turn

DEBUG:root:Order:2 18 4
DEBUG:root:Order:5 18 4
DEBUG:root:Order:17 18 4
DEBUG:root:Finish turn

DEBUG:root:Order:2 4 9
DEBUG:root:Order:5 4 9
DEBUG:root:Order:17 4 9
DEBUG:root:Order:8 4 5
DEBUG:root:Finish turn

DEBUG:root:Order:9 4 9
DEBUG:root:Bad order:9 5.0 8
DEBUG:root:Bad order:9 5.0 7
DEBUG:root:Order:9 2 3
DEBUG:root:Bad order:9 2.0 3
DEBUG:root:Bad order:9 2.0 3
DEBUG:root:Finish turn

DEBUG:root:Order:21 9 20
DEBUG:root:Order:2 9 5
DEBUG:root:Order:2 19 7
DEBUG:root:Order:4 19 3
DEBUG:root:Order:4 8 4
DEBUG:root:Finish turn

DEBUG:root:Order:5 4 4
DEBUG:root:Order:5 2 3
DEBUG:root:Order:5 8 2
DEBUG:root:Order:5 19 2
DEBUG:root:Order:5 9 1
DEBUG:root:Finish turn

DEBUG:root:Bad order:17 14.0 15
DEBUG:root:Order:2 19 9
DEBUG:root:Order:21 19 7
DEBUG:root:Order:4 19 6
DEBUG:root:Order:9 19 4
DEBUG:root:Order:9 18 6
DEBUG:root:Order:5 18 3
DEBUG:root:Finish turn

DEBUG:root:Order:2 18 11
DEBUG:root:Order:5 18 11
DEBUG:root:Order:21 18 9
DEBUG:root:Order:4 18 1
DEBUG:root:Order:4 17 8
DEBUG:root:Order:19 17 6
DEBUG:root:Order:9 17 4
DEBUG:root:Finish turn

DEBUG:root:Order:22 4 4
DEBUG:root:Order:22 8 4
DEBUG:root:Order:22 19 4
DEBUG:root:Order:22 9 3
DEBUG:root:Order:22 21 2
DEBUG:root:Order:22 17 1
DEBUG:root:Order:22 18 1
DEBUG:root:Finish turn

DEBUG:root:Order:5 2 23
DEBUG:root:Order:17 2 23
DEBUG:root:Bad order:18 18.0 23
DEBUG:root:Order:22 2 21
DEBUG:root:Order:4 2 20
DEBUG:root:Order:9 2 20
DEBUG:root:Order:8 2 19
DEBUG:root:Order:19 2 14
DEBUG:root:Bad order:19 14.0 19
DEBUG:root:Finish turn

DEBUG:root:Bad order:18 32.0 34
DEBUG:root:Order:19 22 12
DEBUG:root:Order:5 22 11
DEBUG:root:Order:17 22 11
DEBUG:root:Order:2 22 10
DEBUG:root:Order:9 22 8
DEBUG:root:Order:8 22 7
DEBUG:root:Finish turn

DEBUG:root:Order:18 21 24
DEBUG:root:Order:18 22 12
DEBUG:root:Order:18 8 1
DEBUG:root:Bad order:18 0.0 1
DEBUG:root:Bad order:18 0.0 36
DEBUG:root:Order:2 9 2
DEBUG:root:Order:5 9 2
DEBUG:root:Order:17 9 2
DEBUG:root:Finish turn

DEBUG:root:Order:9 19 3
DEBUG:root:Order:9 8 2
DEBUG:root:Order:9 21 4
DEBUG:root:Order:2 21 2
DEBUG:root:Order:5 21 2
DEBUG:root:Finish turn

DEBUG:root:Order:21 4 6
DEBUG:root:Order:21 9 5
DEBUG:root:Order:21 19 2
DEBUG:root:Order:21 22 7
DEBUG:root:Order:2 22 2
DEBUG:root:Order:5 22 2
DEBUG:root:Finish turn

DEBUG:root:Order:22 4 13
DEBUG:root:Order:2 4 5
DEBUG:root:Order:2 21 5
DEBUG:root:Order:5 21 4
DEBUG:root:Finish turn

DEBUG:root:Order:5 8 4
DEBUG:root:Order:9 8 1
DEBUG:root:Order:22 8 1
DEBUG:root:Order:22 2 1
DEBUG:root:Order:22 4 1
DEBUG:root:Finish turn

DEBUG:root:Order:5 8 4
DEBUG:root:Order:2 8 3
DEBUG:root:Order:21 8 2
DEBUG:root:Order:4 8 1
DEBUG:root:Order:4 19 1
DEBUG:root:Finish turn

DEBUG:root:Order:2 5 11
DEBUG:root:Order:9 5 9
DEBUG:root:Bad order:21 3.0 9
DEBUG:root:Order:22 5 9
DEBUG:root:Order:4 5 7
DEBUG:root:Bad order:8 6.0 7
DEBUG:root:Order:19 5 7
DEBUG:root:Finish turn

DEBUG:root:Order:8 5 7
DEBUG:root:Order:2 5 4
DEBUG:root:Order:22 5 2
DEBUG:root:Order:4 5 1
DEBUG:root:Order:9 5 1
DEBUG:root:Finish turn

DEBUG:root:Order:2 5 1
DEBUG:root:Order:2 19 1
DEBUG:root:Order:2 21 1
DEBUG:root:Order:2 4 2
DEBUG:root:Finish turn

DEBUG:root:Order:5 19 1
DEBUG:root:Finish turn

DEBUG:root:Order:5 19 2
DEBUG:root:Order:2 19 1
DEBUG:root:Order:2 9 1
DEBUG:root:Finish turn

DEBUG:root:Order:5 9 12
DEBUG:root:Order:2 9 11
DEBUG:root:Order:22 9 8
DEBUG:root:Order:22 4 9
DEBUG:root:Finish turn

DEBUG:root:Order:19 22 5
DEBUG:root:Order:2 22 2
DEBUG:root:Order:2 4 1
DEBUG:root:Order:2 9 1
DEBUG:root:Finish turn

DEBUG:root:Order:5 19 2
DEBUG:root:Order:5 4 1
DEBUG:root:Order:5 9 1
DEBUG:root:Finish turn

DEBUG:root:Order:2 19 5
DEBUG:root:Order:5 19 5
DEBUG:root:Order:22 19 3
DEBUG:root:Order:4 19 2
DEBUG:root:Order:9 19 2
DEBUG:root:Finish turn

DEBUG:root:Order:2 22 6
DEBUG:root:Order:5 22 6
DEBUG:root:Order:4 22 3
DEBUG:root:Order:9 22 3
DEBUG:root:Finish turn

DEBUG:root:Order:2 19 2
DEBUG:root:Order:5 19 2
DEBUG:root:Order:5 22 1
DEBUG:root:Order:5 4 2
DEBUG:root:Finish turn

DEBUG:root:Order:2 5 11
DEBUG:root:Order:4 5 9
DEBUG:root:Order:9 5 7
DEBUG:root:Order:19 5 6
DEBUG:root:Finish turn

DEBUG:root:Order:2 19 1
DEBUG:root:Order:2 4 2
DEBUG:root:Order:5 4 1
DEBUG:root:Finish turn

DEBUG:root:Order:5 4 7
DEBUG:root:Order:2 4 6
DEBUG:root:Order:9 4 3
DEBUG:root:Order:19 4 2
DEBUG:root:Finish turn

DEBUG:root:Order:2 19 2
DEBUG:root:Order:2 4 1
DEBUG:root:Order:2 9 1
DEBUG:root:Finish turn

DEBUG:root:Order:5 19 2
DEBUG:root:Order:5 4 1
DEBUG:root:Order:5 9 1
DEBUG:root:Finish turn

DEBUG:root:Order:2 19 2
DEBUG:root:Order:2 4 1
DEBUG:root:Order:2 9 1
DEBUG:root:Finish turn

DEBUG:root:Order:5 19 2
DEBUG:root:Order:5 4 1
DEBUG:root:Order:5 9 1
DEBUG:root:Finish turn

DEBUG:root:Order:2 5 20
DEBUG:root:Order:4 5 15
DEBUG:root:Order:4 19 17
DEBUG:root:Order:9 19 3
DEBUG:root:Finish turn

DEBUG:root:Order:2 9 10
DEBUG:root:Order:5 9 8
DEBUG:root:Order:5 4 7
DEBUG:root:Finish turn

DEBUG:root:Bad order:19 26.0 32
DEBUG:root:Order:9 2 27
DEBUG:root:Order:5 2 25
DEBUG:root:Finish turn

DEBUG:root:Order:19 2 29
DEBUG:root:Order:5 2 1
DEBUG:root:Order:5 9 1
DEBUG:root:Finish turn

DEBUG:root:Order:2 9 1
DEBUG:root:Order:2 19 1
DEBUG:root:Finish turn

DEBUG:root:Bad order:4 4.0 5
DEBUG:root:Order:4 9 4
DEBUG:root:Bad order:4 0.0 1
DEBUG:root:Finish turn

DEBUG:root:Bad order:5 1.0 9
DEBUG:root:Order:2 4 7
DEBUG:root:Finish turn

DEBUG:root:Order:2 5 11
DEBUG:root:Order:19 5 6
DEBUG:root:Finish turn

DEBUG:root:Order:2 19 1
DEBUG:root:Order:5 19 1
DEBUG:root:Order:5 4 1
DEBUG:root:Finish turn

DEBUG:root:Order:2 19 2
DEBUG:root:Order:2 4 1
DEBUG:root:Finish turn

DEBUG:root:Order:5 19 2
DEBUG:root:Order:5 4 1
DEBUG:root:Finish turn

DEBUG:root:Order:2 19 3
DEBUG:root:Order:2 4 2
DEBUG:root:Finish turn

DEBUG:root:Order:5 19 2
DEBUG:root:Order:5 4 1
DEBUG:root:Order:5 2 3
DEBUG:root:Finish turn

DEBUG:root:Order:2 19 2
DEBUG:root:Order:2 4 1
DEBUG:root:Finish turn

DEBUG:root:Order:2 19 2
DEBUG:root:Order:2 4 1
DEBUG:root:Finish turn

DEBUG:root:Order:2 19 2
DEBUG:root:Order:2 4 1
DEBUG:root:Finish turn

DEBUG:root:Order:2 4 14
DEBUG:root:Order:19 4 10
DEBUG:root:Finish turn

DEBUG:root:Order:2 19 1
DEBUG:root:Order:2 4 2
DEBUG:root:Finish turn

DEBUG:root:Finish turn

DEBUG:root:Order:2 4 2
DEBUG:root:Finish turn

DEBUG:root:Order:2 19 5
DEBUG:root:Order:4 19 2
DEBUG:root:Finish turn

DEBUG:root:Order:4 2 14
DEBUG:root:Order:19 2 1
DEBUG:root:Finish turn

DEBUG:root:Order:2 19 1
DEBUG:root:Order:2 4 1
DEBUG:root:Finish turn

DEBUG:root:Order:2 19 2
DEBUG:root:Finish turn

DEBUG:root:Order:4 2 10
DEBUG:root:Bad order:19 6.0 9
DEBUG:root:Finish turn

DEBUG:root:Order:19 2 6
DEBUG:root:Order:19 4 7
DEBUG:root:Finish turn

DEBUG:root:Order:4 19 5
DEBUG:root:Order:2 19 1
DEBUG:root:Finish turn

DEBUG:root:Order:2 4 1
DEBUG:root:Finish turn

DEBUG:root:Order:2 4 2
DEBUG:root:Finish turn

DEBUG:root:Bad order:4 3.0 5
DEBUG:root:Finish turn

DEBUG:root:Order:4 2 3
DEBUG:root:Finish turn

DEBUG:root:Order:2 4 1
DEBUG:root:Finish turn

DEBUG:root:Bad order:4 6.0 13
DEBUG:root:Finish turn

DEBUG:root:Order:4 2 4
DEBUG:root:Finish turn

DEBUG:root:Order:2 4 1
DEBUG:root:Finish turn

DEBUG:root:Order:2 4 2
DEBUG:root:Finish turn

DEBUG:root:Finish turn

DEBUG:root:Finish turn

DEBUG:root:Finish turn

DEBUG:root:Finish turn

DEBUG:root:Finish turn

DEBUG:root:Finish turn

DEBUG:root:Finish turn

DEBUG:root:Finish turn

DEBUG:root:Finish turn

DEBUG:root:Finish turn

DEBUG:root:Finish turn

